{
  "stats": {
    "suites": 12,
    "tests": 41,
    "passes": 29,
    "pending": 0,
    "failures": 12,
    "start": "2021-09-13T15:41:39.305Z",
    "end": "2021-09-13T15:43:09.599Z",
    "duration": 90294,
    "testsRegistered": 41,
    "passPercent": 70.73170731707317,
    "pendingPercent": 0,
    "other": 0,
    "hasOther": false,
    "skipped": 0,
    "hasSkipped": false
  },
  "results": [
    {
      "uuid": "9cb832e3-13e6-4a3a-a2b7-48f9d15006a8",
      "title": "",
      "fullFile": "cypress/integration/project.spec.js",
      "file": "cypress/integration/project.spec.js",
      "beforeHooks": [],
      "afterHooks": [],
      "tests": [],
      "suites": [
        {
          "uuid": "6fab4c23-b996-4217-84b7-bf374ce207ae",
          "title": "1 - Adicione à página o título \"Paleta de Cores\".",
          "fullFile": "",
          "file": "",
          "beforeHooks": [],
          "afterHooks": [],
          "tests": [
            {
              "title": "Verifica se contém um elemento `h1` com o id `title` com o título correto",
              "fullTitle": "1 - Adicione à página o título \"Paleta de Cores\". Verifica se contém um elemento `h1` com o id `title` com o título correto",
              "timedOut": null,
              "duration": 448,
              "state": "passed",
              "speed": "slow",
              "pass": true,
              "fail": false,
              "pending": false,
              "context": null,
              "code": "cy.get('h1#title').should('contain.text', 'Paleta de Cores');",
              "err": {},
              "uuid": "f2c899e4-e5d0-4ce6-adef-241f0d6a53ef",
              "parentUUID": "6fab4c23-b996-4217-84b7-bf374ce207ae",
              "isHook": false,
              "skipped": false
            }
          ],
          "suites": [],
          "passes": [
            "f2c899e4-e5d0-4ce6-adef-241f0d6a53ef"
          ],
          "failures": [],
          "pending": [],
          "skipped": [],
          "duration": 448,
          "root": false,
          "rootEmpty": false,
          "_timeout": 2000
        },
        {
          "uuid": "390b06b7-fb55-4b18-a67e-c80071024209",
          "title": "2 - Adicione à página uma paleta de quatro cores distintas.",
          "fullFile": "",
          "file": "",
          "beforeHooks": [],
          "afterHooks": [],
          "tests": [
            {
              "title": "A paleta de cores deve ser um elemento com `id` denominado `color-palette`",
              "fullTitle": "2 - Adicione à página uma paleta de quatro cores distintas. A paleta de cores deve ser um elemento com `id` denominado `color-palette`",
              "timedOut": null,
              "duration": 330,
              "state": "passed",
              "speed": "slow",
              "pass": true,
              "fail": false,
              "pending": false,
              "context": null,
              "code": "cy.get('#color-palette').should('be.visible');\ncy.get('#color-palette').children('.color');",
              "err": {},
              "uuid": "3b7813ca-29c7-488b-a52f-c699ff0b668e",
              "parentUUID": "390b06b7-fb55-4b18-a67e-c80071024209",
              "isHook": false,
              "skipped": false
            },
            {
              "title": "Verifica se cada cor individual da paleta de cores possui a `classe` chamada `color`.",
              "fullTitle": "2 - Adicione à página uma paleta de quatro cores distintas. Verifica se cada cor individual da paleta de cores possui a `classe` chamada `color`.",
              "timedOut": null,
              "duration": 360,
              "state": "passed",
              "speed": "slow",
              "pass": true,
              "fail": false,
              "pending": false,
              "context": null,
              "code": "cy.get('.color').should('have.length', 4).then(function (colors) {\n  for (var i = 0; i < colors.length; i++) {\n    cy.wrap(colors[i]).should('be.visible');\n  }\n});",
              "err": {},
              "uuid": "63fb15f2-9dc9-4033-9693-bb1710b3c7fa",
              "parentUUID": "390b06b7-fb55-4b18-a67e-c80071024209",
              "isHook": false,
              "skipped": false
            },
            {
              "title": "Verifica se a cor de fundo de cada elemento da paleta é a cor que o elemento representa. **A única cor não permitida na paleta é a cor branca.**",
              "fullTitle": "2 - Adicione à página uma paleta de quatro cores distintas. Verifica se a cor de fundo de cada elemento da paleta é a cor que o elemento representa. **A única cor não permitida na paleta é a cor branca.**",
              "timedOut": null,
              "duration": 345,
              "state": "passed",
              "speed": "slow",
              "pass": true,
              "fail": false,
              "pending": false,
              "context": null,
              "code": "cy.get('.color').each(function (color) {\n  cy.wrap(color).should('have.class', 'color').and('not.have.css', 'background-color', WHITE);\n  cy.wrap(color).should('have.css', 'background-color');\n});",
              "err": {},
              "uuid": "f180c040-5e8a-4977-b49e-1de23bd90939",
              "parentUUID": "390b06b7-fb55-4b18-a67e-c80071024209",
              "isHook": false,
              "skipped": false
            },
            {
              "title": "Verifica se cada elemento da paleta de cores tem uma borda preta, sólida e com 1 pixel de largura;",
              "fullTitle": "2 - Adicione à página uma paleta de quatro cores distintas. Verifica se cada elemento da paleta de cores tem uma borda preta, sólida e com 1 pixel de largura;",
              "timedOut": null,
              "duration": 212,
              "state": "passed",
              "speed": "slow",
              "pass": true,
              "fail": false,
              "pending": false,
              "context": null,
              "code": "cy.get('.color').each(function (color) {\n  cy.wrap(color).and('have.css', 'border', \"1px solid \".concat(BLACK)).and('have.class', 'color');\n});",
              "err": {},
              "uuid": "ed67982a-a8c9-404e-88b5-36c60ea7b44b",
              "parentUUID": "390b06b7-fb55-4b18-a67e-c80071024209",
              "isHook": false,
              "skipped": false
            },
            {
              "title": "Verifica se a paleta lista todas as cores disponíveis para utilização, lado a lado.",
              "fullTitle": "2 - Adicione à página uma paleta de quatro cores distintas. Verifica se a paleta lista todas as cores disponíveis para utilização, lado a lado.",
              "timedOut": null,
              "duration": 228,
              "state": "passed",
              "speed": "slow",
              "pass": true,
              "fail": false,
              "pending": false,
              "context": null,
              "code": "cy.get('.color').then(function (colors) {\n  for (var index = 1; index < colors.length; index += 1) {\n    var currentColor = colors[index];\n    var previousColor = colors[index - 1];\n    cy.wrap(currentColor).should('be.onTheRightOf', previousColor).and('be.horizontallyAlignedWith', previousColor);\n  }\n});",
              "err": {},
              "uuid": "5fda137e-9d5f-4162-a3ba-01de7cf7d2d6",
              "parentUUID": "390b06b7-fb55-4b18-a67e-c80071024209",
              "isHook": false,
              "skipped": false
            },
            {
              "title": "Verifica se a paleta de cores está posicionada abaixo do título 'Paleta de Cores'",
              "fullTitle": "2 - Adicione à página uma paleta de quatro cores distintas. Verifica se a paleta de cores está posicionada abaixo do título 'Paleta de Cores'",
              "timedOut": null,
              "duration": 210,
              "state": "passed",
              "speed": "slow",
              "pass": true,
              "fail": false,
              "pending": false,
              "context": null,
              "code": "cy.get('h1#title').then(function (title) {\n  cy.get('#color-palette').should('be.belowOf', title);\n});",
              "err": {},
              "uuid": "6af05260-4de8-4849-b5e7-af9d5e5a25b8",
              "parentUUID": "390b06b7-fb55-4b18-a67e-c80071024209",
              "isHook": false,
              "skipped": false
            },
            {
              "title": "Verifica se a paleta de cores não contém cores repetidas.",
              "fullTitle": "2 - Adicione à página uma paleta de quatro cores distintas. Verifica se a paleta de cores não contém cores repetidas.",
              "timedOut": null,
              "duration": 161,
              "state": "passed",
              "speed": "slow",
              "pass": true,
              "fail": false,
              "pending": false,
              "context": null,
              "code": "cy.get('.color').then(function (colors) {\n  var allColors = Array.from(colors).map(function (color) {\n    return Cypress.$(color).css('background-color');\n  });\n  cy.log(allColors);\n  var uniqColors = (0, _toConsumableArray2[\"default\"])(new Set(allColors));\n  cy.log(uniqColors);\n  expect(allColors.length).to.eq(uniqColors.length);\n});",
              "err": {},
              "uuid": "753bf371-1a5a-4295-b156-a1757a6a0ce3",
              "parentUUID": "390b06b7-fb55-4b18-a67e-c80071024209",
              "isHook": false,
              "skipped": false
            }
          ],
          "suites": [],
          "passes": [
            "3b7813ca-29c7-488b-a52f-c699ff0b668e",
            "63fb15f2-9dc9-4033-9693-bb1710b3c7fa",
            "f180c040-5e8a-4977-b49e-1de23bd90939",
            "ed67982a-a8c9-404e-88b5-36c60ea7b44b",
            "5fda137e-9d5f-4162-a3ba-01de7cf7d2d6",
            "6af05260-4de8-4849-b5e7-af9d5e5a25b8",
            "753bf371-1a5a-4295-b156-a1757a6a0ce3"
          ],
          "failures": [],
          "pending": [],
          "skipped": [],
          "duration": 1846,
          "root": false,
          "rootEmpty": false,
          "_timeout": 2000
        },
        {
          "uuid": "4084ab67-3b30-4923-89f7-2e4e5226779b",
          "title": "3 - Adicione a cor **preta** como a primeira cor da paleta de cores.",
          "fullFile": "",
          "file": "",
          "beforeHooks": [],
          "afterHooks": [],
          "tests": [
            {
              "title": "Verifica se a primeira cor da paleta é preta",
              "fullTitle": "3 - Adicione a cor **preta** como a primeira cor da paleta de cores. Verifica se a primeira cor da paleta é preta",
              "timedOut": null,
              "duration": 216,
              "state": "passed",
              "speed": "slow",
              "pass": true,
              "fail": false,
              "pending": false,
              "context": null,
              "code": "cy.get('.color').first().should('have.css', 'background-color', BLACK);",
              "err": {},
              "uuid": "bd3c0aa3-9a78-437e-8036-c0ab27994886",
              "parentUUID": "4084ab67-3b30-4923-89f7-2e4e5226779b",
              "isHook": false,
              "skipped": false
            },
            {
              "title": "Verifica se as demais cores podem ser escolhidas livremente.",
              "fullTitle": "3 - Adicione a cor **preta** como a primeira cor da paleta de cores. Verifica se as demais cores podem ser escolhidas livremente.",
              "timedOut": null,
              "duration": 338,
              "state": "passed",
              "speed": "slow",
              "pass": true,
              "fail": false,
              "pending": false,
              "context": null,
              "code": "cy.get('.color').eq(1).should('not.have.css', 'background-color', BLACK);\ncy.get('.color').eq(1).should('not.have.css', 'background-color', WHITE);\ncy.get('.color').eq(1).should('not.have.css', 'background-color', 'rgba(0, 0, 0, 0)');\ncy.get('.color').eq(1).should('have.css', 'background-color');\ncy.get('.color').eq(2).should('not.have.css', 'background-color', BLACK);\ncy.get('.color').eq(2).should('not.have.css', 'background-color', WHITE);\ncy.get('.color').eq(2).should('not.have.css', 'background-color', 'rgba(0, 0, 0, 0)');\ncy.get('.color').eq(2).should('have.css', 'background-color');\ncy.get('.color').eq(3).should('not.have.css', 'background-color', BLACK);\ncy.get('.color').eq(3).should('not.have.css', 'background-color', WHITE);\ncy.get('.color').eq(3).should('not.have.css', 'background-color', 'rgba(0, 0, 0, 0)');\ncy.get('.color').eq(3).should('have.css', 'background-color');",
              "err": {},
              "uuid": "282f7810-54d4-4d7d-8c15-95de38d28df3",
              "parentUUID": "4084ab67-3b30-4923-89f7-2e4e5226779b",
              "isHook": false,
              "skipped": false
            }
          ],
          "suites": [],
          "passes": [
            "bd3c0aa3-9a78-437e-8036-c0ab27994886",
            "282f7810-54d4-4d7d-8c15-95de38d28df3"
          ],
          "failures": [],
          "pending": [],
          "skipped": [],
          "duration": 554,
          "root": false,
          "rootEmpty": false,
          "_timeout": 2000
        },
        {
          "uuid": "d3520655-fdf2-43a2-a0b6-02b0b810d668",
          "title": "4 - Adicione à página um quadro de pixels, com 25 pixels.",
          "fullFile": "",
          "file": "",
          "beforeHooks": [],
          "afterHooks": [],
          "tests": [
            {
              "title": "Verifica se o quadro de pixels possui o `id` denominado `pixel-board`",
              "fullTitle": "4 - Adicione à página um quadro de pixels, com 25 pixels. Verifica se o quadro de pixels possui o `id` denominado `pixel-board`",
              "timedOut": null,
              "duration": 180,
              "state": "passed",
              "speed": "slow",
              "pass": true,
              "fail": false,
              "pending": false,
              "context": null,
              "code": "cy.get('#pixel-board').should('be.visible');",
              "err": {},
              "uuid": "b324c6b3-f50d-434b-977f-3a18f593d82d",
              "parentUUID": "d3520655-fdf2-43a2-a0b6-02b0b810d668",
              "isHook": false,
              "skipped": false
            },
            {
              "title": "Verifica se cada pixel individual dentro do quadro possui a `classe` denominada `pixel`.",
              "fullTitle": "4 - Adicione à página um quadro de pixels, com 25 pixels. Verifica se cada pixel individual dentro do quadro possui a `classe` denominada `pixel`.",
              "timedOut": null,
              "duration": 251,
              "state": "passed",
              "speed": "slow",
              "pass": true,
              "fail": false,
              "pending": false,
              "context": null,
              "code": "cy.get('.pixel').should('have.length', 25);",
              "err": {},
              "uuid": "32bef268-1d6f-4c1e-bdb2-7bba6e2a2ce8",
              "parentUUID": "d3520655-fdf2-43a2-a0b6-02b0b810d668",
              "isHook": false,
              "skipped": false
            },
            {
              "title": "Verifica se a cor inicial dos pixels dentro do quadro, ao abrir a página, é branca.",
              "fullTitle": "4 - Adicione à página um quadro de pixels, com 25 pixels. Verifica se a cor inicial dos pixels dentro do quadro, ao abrir a página, é branca.",
              "timedOut": null,
              "duration": 349,
              "state": "passed",
              "speed": "slow",
              "pass": true,
              "fail": false,
              "pending": false,
              "context": null,
              "code": "cy.get('.pixel').should('have.length', 25).each(function (pixel) {\n  expect(pixel).to.have.css('background-color', WHITE);\n});",
              "err": {},
              "uuid": "52600489-04da-44c6-ad89-f00680c8f3f2",
              "parentUUID": "d3520655-fdf2-43a2-a0b6-02b0b810d668",
              "isHook": false,
              "skipped": false
            },
            {
              "title": "Verifica se o quadro de pixels aparece abaixo da paleta de cores",
              "fullTitle": "4 - Adicione à página um quadro de pixels, com 25 pixels. Verifica se o quadro de pixels aparece abaixo da paleta de cores",
              "timedOut": null,
              "duration": 209,
              "state": "passed",
              "speed": "slow",
              "pass": true,
              "fail": false,
              "pending": false,
              "context": null,
              "code": "cy.get('#color-palette').then(function (palette) {\n  cy.get('#pixel-board').should('be.belowOf', palette);\n});",
              "err": {},
              "uuid": "b57f2f7a-e217-4b22-b5e4-b84390f0b026",
              "parentUUID": "d3520655-fdf2-43a2-a0b6-02b0b810d668",
              "isHook": false,
              "skipped": false
            }
          ],
          "suites": [],
          "passes": [
            "b324c6b3-f50d-434b-977f-3a18f593d82d",
            "32bef268-1d6f-4c1e-bdb2-7bba6e2a2ce8",
            "52600489-04da-44c6-ad89-f00680c8f3f2",
            "b57f2f7a-e217-4b22-b5e4-b84390f0b026"
          ],
          "failures": [],
          "pending": [],
          "skipped": [],
          "duration": 989,
          "root": false,
          "rootEmpty": false,
          "_timeout": 2000
        },
        {
          "uuid": "30071c61-f452-4db4-a040-f58a2ef4987e",
          "title": "5 - Faça com que cada elemento do quadro de pixels possua 40 pixels de largura, 40 pixels de altura e seja delimitado por uma borda preta de 1 pixel.",
          "fullFile": "",
          "file": "",
          "beforeHooks": [],
          "afterHooks": [],
          "tests": [
            {
              "title": "Verifica se o quadro de pixels tem altura e comprimento de 5 elementos",
              "fullTitle": "5 - Faça com que cada elemento do quadro de pixels possua 40 pixels de largura, 40 pixels de altura e seja delimitado por uma borda preta de 1 pixel. Verifica se o quadro de pixels tem altura e comprimento de 5 elementos",
              "timedOut": null,
              "duration": 624,
              "state": "passed",
              "speed": "slow",
              "pass": true,
              "fail": false,
              "pending": false,
              "context": null,
              "code": "cy.get('.pixel').should('have.length', 25).each(function (pixel) {\n  expect(pixel).to.have.css('background-color', WHITE);\n}).and(function (pixels) {\n  var rows = chunk(pixels, 5);\n  rows.forEach(function (row) {\n    for (var index = 1; index < row.length; index += 1) {\n      var current = pixels[index];\n      var previous = pixels[index - 1];\n      cy.wrap(current).should('be.onTheRightOf', previous).and('be.horizontallyAlignedWith', previous);\n    }\n  });\n  for (var index = 1; index < 5; index += 1) {\n    expect(pixels[index * 5]).to.be.belowOf(pixels[(index - 1) * 5]);\n  }\n});",
              "err": {},
              "uuid": "1f462485-f48d-43ac-93e5-2170270f4e75",
              "parentUUID": "30071c61-f452-4db4-a040-f58a2ef4987e",
              "isHook": false,
              "skipped": false
            },
            {
              "title": "Verifica se 40 pixels é o tamanho total do elemento, incluindo seu conteúdo e excluindo a borda preta, que deve ser criada à parte.",
              "fullTitle": "5 - Faça com que cada elemento do quadro de pixels possua 40 pixels de largura, 40 pixels de altura e seja delimitado por uma borda preta de 1 pixel. Verifica se 40 pixels é o tamanho total do elemento, incluindo seu conteúdo e excluindo a borda preta, que deve ser criada à parte.",
              "timedOut": null,
              "duration": 514,
              "state": "passed",
              "speed": "slow",
              "pass": true,
              "fail": false,
              "pending": false,
              "context": null,
              "code": "cy.get('.pixel').each(function (pixel) {\n  cy.wrap(pixel).should('have.css', 'height', '40px').and('have.css', 'width', '40px').and('have.css', 'border', \"1px solid \".concat(BLACK));\n});",
              "err": {},
              "uuid": "7a77c2a8-c8f6-472c-91cb-5405f880cf0b",
              "parentUUID": "30071c61-f452-4db4-a040-f58a2ef4987e",
              "isHook": false,
              "skipped": false
            }
          ],
          "suites": [],
          "passes": [
            "1f462485-f48d-43ac-93e5-2170270f4e75",
            "7a77c2a8-c8f6-472c-91cb-5405f880cf0b"
          ],
          "failures": [],
          "pending": [],
          "skipped": [],
          "duration": 1138,
          "root": false,
          "rootEmpty": false,
          "_timeout": 2000
        },
        {
          "uuid": "e134323f-fcc5-4b4d-bb61-6bdd212782eb",
          "title": "6 - Defina a cor preta como cor inicial. Ao carregar a página a cor preta já deve estar selecionada para pintar os pixels",
          "fullFile": "",
          "file": "",
          "beforeHooks": [],
          "afterHooks": [],
          "tests": [
            {
              "title": "Verifica se o elemento da cor preta possui, inicialmente, a `classe` `selected`",
              "fullTitle": "6 - Defina a cor preta como cor inicial. Ao carregar a página a cor preta já deve estar selecionada para pintar os pixels Verifica se o elemento da cor preta possui, inicialmente, a `classe` `selected`",
              "timedOut": null,
              "duration": 167,
              "state": "passed",
              "speed": "slow",
              "pass": true,
              "fail": false,
              "pending": false,
              "context": null,
              "code": "cy.get('.selected').first().should('have.css', 'background-color', BLACK);",
              "err": {},
              "uuid": "77329f55-721b-453a-9558-8ee74cd27f79",
              "parentUUID": "e134323f-fcc5-4b4d-bb61-6bdd212782eb",
              "isHook": false,
              "skipped": false
            },
            {
              "title": "Verifica se nenhuma outra cor da paleta tem a `classe` `selected`",
              "fullTitle": "6 - Defina a cor preta como cor inicial. Ao carregar a página a cor preta já deve estar selecionada para pintar os pixels Verifica se nenhuma outra cor da paleta tem a `classe` `selected`",
              "timedOut": null,
              "duration": 190,
              "state": "passed",
              "speed": "slow",
              "pass": true,
              "fail": false,
              "pending": false,
              "context": null,
              "code": "cy.get('.color:not(:first-child)').each(function (color) {\n  cy.wrap(color).should('not.have.class', 'selected');\n});",
              "err": {},
              "uuid": "6b29a90d-ee85-4798-afcb-d5a700a5849b",
              "parentUUID": "e134323f-fcc5-4b4d-bb61-6bdd212782eb",
              "isHook": false,
              "skipped": false
            }
          ],
          "suites": [],
          "passes": [
            "77329f55-721b-453a-9558-8ee74cd27f79",
            "6b29a90d-ee85-4798-afcb-d5a700a5849b"
          ],
          "failures": [],
          "pending": [],
          "skipped": [],
          "duration": 357,
          "root": false,
          "rootEmpty": false,
          "_timeout": 2000
        },
        {
          "uuid": "12667c5e-9e23-42f4-bc25-24337d2bb3fb",
          "title": "7 - Clicar em uma das cores da paleta, faz com que ela seja selecionada e utilizada para preencher os pixels no quadro.",
          "fullFile": "",
          "file": "",
          "beforeHooks": [],
          "afterHooks": [],
          "tests": [
            {
              "title": "Verifica se somente uma cor da paleta de cores tem a classe `selected` de cada vez",
              "fullTitle": "7 - Clicar em uma das cores da paleta, faz com que ela seja selecionada e utilizada para preencher os pixels no quadro. Verifica se somente uma cor da paleta de cores tem a classe `selected` de cada vez",
              "timedOut": null,
              "duration": 627,
              "state": "passed",
              "speed": "slow",
              "pass": true,
              "fail": false,
              "pending": false,
              "context": null,
              "code": "cy.get('.color').each(function (selectedColor, selectedColorIndex) {\n  cy.wrap(selectedColor).click();\n  cy.get('.color').each(function (color, colorIndex) {\n    if (colorIndex === selectedColorIndex) {\n      expect(color).to.have[\"class\"]('selected');\n    } else {\n      expect(color).not.to.have[\"class\"]('selected');\n    }\n  });\n});",
              "err": {},
              "uuid": "6a9ff2ba-944d-4e88-8fda-e60d272f1e21",
              "parentUUID": "12667c5e-9e23-42f4-bc25-24337d2bb3fb",
              "isHook": false,
              "skipped": false
            },
            {
              "title": "Verifica se os pixels dentro do quadro não têm a classe `selected` quando são clicados",
              "fullTitle": "7 - Clicar em uma das cores da paleta, faz com que ela seja selecionada e utilizada para preencher os pixels no quadro. Verifica se os pixels dentro do quadro não têm a classe `selected` quando são clicados",
              "timedOut": null,
              "duration": 9373,
              "state": "passed",
              "speed": "slow",
              "pass": true,
              "fail": false,
              "pending": false,
              "context": null,
              "code": "cy.get('.color').each(function (color) {\n  var backgroundColor = color.css('background-color');\n  cy.wrap(color).click();\n  cy.get('.pixel').each(function (pixel) {\n    cy.wrap(pixel).click().should('not.have.class', 'selected');\n  });\n});",
              "err": {},
              "uuid": "1f2c2fec-68cc-4d7c-aab6-8e9df592faeb",
              "parentUUID": "12667c5e-9e23-42f4-bc25-24337d2bb3fb",
              "isHook": false,
              "skipped": false
            }
          ],
          "suites": [],
          "passes": [
            "6a9ff2ba-944d-4e88-8fda-e60d272f1e21",
            "1f2c2fec-68cc-4d7c-aab6-8e9df592faeb"
          ],
          "failures": [],
          "pending": [],
          "skipped": [],
          "duration": 10000,
          "root": false,
          "rootEmpty": false,
          "_timeout": 2000
        },
        {
          "uuid": "e5239f5c-33a9-4ba0-88f7-0fc1b1e32f5d",
          "title": "8 - Clicar em um pixel dentro do quadro após selecionar uma cor na paleta, faz com que o pixel seja preenchido com a cor selecionada.",
          "fullFile": "",
          "file": "",
          "beforeHooks": [],
          "afterHooks": [],
          "tests": [
            {
              "title": "Verifica se ao carregar a página deve ser possível pintar os pixels de preto",
              "fullTitle": "8 - Clicar em um pixel dentro do quadro após selecionar uma cor na paleta, faz com que o pixel seja preenchido com a cor selecionada. Verifica se ao carregar a página deve ser possível pintar os pixels de preto",
              "timedOut": null,
              "duration": 2531,
              "state": "passed",
              "speed": "slow",
              "pass": true,
              "fail": false,
              "pending": false,
              "context": null,
              "code": "cy.get('.pixel').each(function (pixel) {\n  cy.wrap(pixel).click().should('have.css', 'background-color', BLACK);\n});",
              "err": {},
              "uuid": "9ecbe8ca-9485-42f7-ade2-a0b3b50fac70",
              "parentUUID": "e5239f5c-33a9-4ba0-88f7-0fc1b1e32f5d",
              "isHook": false,
              "skipped": false
            },
            {
              "title": "Verifica se após selecionar uma outra cor na paleta, é possível pintar os pixels com essa cor",
              "fullTitle": "8 - Clicar em um pixel dentro do quadro após selecionar uma cor na paleta, faz com que o pixel seja preenchido com a cor selecionada. Verifica se após selecionar uma outra cor na paleta, é possível pintar os pixels com essa cor",
              "timedOut": null,
              "duration": 9398,
              "state": "passed",
              "speed": "slow",
              "pass": true,
              "fail": false,
              "pending": false,
              "context": null,
              "code": "cy.get('.color').each(function (color) {\n  var backgroundColor = color.css('background-color');\n  cy.wrap(color).click();\n  cy.get('.pixel').each(function (pixel) {\n    cy.wrap(pixel).click().should('have.css', 'background-color', backgroundColor);\n  });\n});",
              "err": {},
              "uuid": "cf87dc9c-e051-4e3c-b346-63ca30ad92a1",
              "parentUUID": "e5239f5c-33a9-4ba0-88f7-0fc1b1e32f5d",
              "isHook": false,
              "skipped": false
            },
            {
              "title": "Verifica se somente o pixel que foi clicado foi preenchido com a cor selecionada, sem influenciar na cor dos demais pixels.",
              "fullTitle": "8 - Clicar em um pixel dentro do quadro após selecionar uma cor na paleta, faz com que o pixel seja preenchido com a cor selecionada. Verifica se somente o pixel que foi clicado foi preenchido com a cor selecionada, sem influenciar na cor dos demais pixels.",
              "timedOut": null,
              "duration": 2037,
              "state": "passed",
              "speed": "slow",
              "pass": true,
              "fail": false,
              "pending": false,
              "context": null,
              "code": "var colorToPixelIndexMap = {\n  0: 6,\n  1: 8,\n  2: 16,\n  3: 18\n};\ncy.get('.color').each(function (color, index) {\n  cy.wrap(color).click();\n  var backgroundColor = color.css('background-color');\n  var clickedPixelIndex = colorToPixelIndexMap[index];\n  cy.get('.pixel').eq(clickedPixelIndex).click();\n  cy.get('.pixel').eq(clickedPixelIndex - 1).should('not.have.css', 'background-color', backgroundColor);\n  cy.get('.pixel').eq(clickedPixelIndex + 1).should('not.have.css', 'background-color', backgroundColor);\n  cy.get('.pixel').eq(clickedPixelIndex - 5).should('not.have.css', 'background-color', backgroundColor);\n  cy.get('.pixel').eq(clickedPixelIndex + 5).should('not.have.css', 'background-color', backgroundColor);\n  cy.get('.pixel').eq(clickedPixelIndex - 6).should('not.have.css', 'background-color', backgroundColor);\n  cy.get('.pixel').eq(clickedPixelIndex - 4).should('not.have.css', 'background-color', backgroundColor);\n  cy.get('.pixel').eq(clickedPixelIndex + 4).should('not.have.css', 'background-color', backgroundColor);\n  cy.get('.pixel').eq(clickedPixelIndex + 6).should('not.have.css', 'background-color', backgroundColor);\n});",
              "err": {},
              "uuid": "f1f791b8-0791-4c44-8eca-970c019da8a4",
              "parentUUID": "e5239f5c-33a9-4ba0-88f7-0fc1b1e32f5d",
              "isHook": false,
              "skipped": false
            }
          ],
          "suites": [],
          "passes": [
            "9ecbe8ca-9485-42f7-ade2-a0b3b50fac70",
            "cf87dc9c-e051-4e3c-b346-63ca30ad92a1",
            "f1f791b8-0791-4c44-8eca-970c019da8a4"
          ],
          "failures": [],
          "pending": [],
          "skipped": [],
          "duration": 13966,
          "root": false,
          "rootEmpty": false,
          "_timeout": 2000
        },
        {
          "uuid": "c929de01-dcbe-4eb2-a159-8f4453306a53",
          "title": "9 - Crie um botão que, ao ser clicado, limpa o quadro preenchendo a cor de todos seus pixels com branco.",
          "fullFile": "",
          "file": "",
          "beforeHooks": [],
          "afterHooks": [],
          "tests": [
            {
              "title": "Verifica se o botão tem o `id` denominado `clear-board`",
              "fullTitle": "9 - Crie um botão que, ao ser clicado, limpa o quadro preenchendo a cor de todos seus pixels com branco. Verifica se o botão tem o `id` denominado `clear-board`",
              "timedOut": null,
              "duration": 327,
              "state": "passed",
              "speed": "slow",
              "pass": true,
              "fail": false,
              "pending": false,
              "context": null,
              "code": "cy.get('#clear-board').should('be.visible');",
              "err": {},
              "uuid": "9e94e588-0a57-41e7-9e8a-4c113629a6d0",
              "parentUUID": "c929de01-dcbe-4eb2-a159-8f4453306a53",
              "isHook": false,
              "skipped": false
            },
            {
              "title": "Verifica se o botão está posicionado entre a paleta de cores e o quadro de pixels",
              "fullTitle": "9 - Crie um botão que, ao ser clicado, limpa o quadro preenchendo a cor de todos seus pixels com branco. Verifica se o botão está posicionado entre a paleta de cores e o quadro de pixels",
              "timedOut": null,
              "duration": 185,
              "state": "passed",
              "speed": "slow",
              "pass": true,
              "fail": false,
              "pending": false,
              "context": null,
              "code": "cy.get('#color-palette').then(function (palette) {\n  cy.get('#clear-board').should('be.belowOf', palette);\n});\ncy.get('#clear-board').then(function (clearBtn) {\n  cy.get('#pixel-board').should('be.belowOf', clearBtn);\n});",
              "err": {},
              "uuid": "9d709e04-a548-4bb7-a0c7-a67a9bbc7707",
              "parentUUID": "c929de01-dcbe-4eb2-a159-8f4453306a53",
              "isHook": false,
              "skipped": false
            },
            {
              "title": "Verifica se o texto do botão é 'Limpar'",
              "fullTitle": "9 - Crie um botão que, ao ser clicado, limpa o quadro preenchendo a cor de todos seus pixels com branco. Verifica se o texto do botão é 'Limpar'",
              "timedOut": null,
              "duration": 177,
              "state": "passed",
              "speed": "slow",
              "pass": true,
              "fail": false,
              "pending": false,
              "context": null,
              "code": "cy.get('#clear-board').should('contain.text', 'Limpar');",
              "err": {},
              "uuid": "e54e07be-7606-414f-a989-9309c5d48d85",
              "parentUUID": "c929de01-dcbe-4eb2-a159-8f4453306a53",
              "isHook": false,
              "skipped": false
            },
            {
              "title": "Verifica se ao clicar no botão, o quadro de pixels é totalmente preenchido de branco",
              "fullTitle": "9 - Crie um botão que, ao ser clicado, limpa o quadro preenchendo a cor de todos seus pixels com branco. Verifica se ao clicar no botão, o quadro de pixels é totalmente preenchido de branco",
              "timedOut": null,
              "duration": 2647,
              "state": "passed",
              "speed": "slow",
              "pass": true,
              "fail": false,
              "pending": false,
              "context": null,
              "code": "cy.get('.color').eq(1).then(function (color) {\n  var backgroundColor = color.css('background-color');\n  cy.wrap(color).click();\n  cy.get('.pixel').each(function (pixel) {\n    cy.wrap(pixel).click().should('have.css', 'background-color', backgroundColor);\n  });\n});\ncy.get('#clear-board').click();\ncy.get('.pixel').each(function (pixel) {\n  cy.wrap(pixel).should('have.css', 'background-color', WHITE);\n});",
              "err": {},
              "uuid": "edf95a3e-3bdb-4a37-b0f1-3349fa869710",
              "parentUUID": "c929de01-dcbe-4eb2-a159-8f4453306a53",
              "isHook": false,
              "skipped": false
            }
          ],
          "suites": [],
          "passes": [
            "9e94e588-0a57-41e7-9e8a-4c113629a6d0",
            "9d709e04-a548-4bb7-a0c7-a67a9bbc7707",
            "e54e07be-7606-414f-a989-9309c5d48d85",
            "edf95a3e-3bdb-4a37-b0f1-3349fa869710"
          ],
          "failures": [],
          "pending": [],
          "skipped": [],
          "duration": 3336,
          "root": false,
          "rootEmpty": false,
          "_timeout": 2000
        },
        {
          "uuid": "13c34801-9a96-4949-8410-98a231fb0a99",
          "title": "10 - Faça o quadro de pixels ter seu tamanho definido pelo usuário.",
          "fullFile": "",
          "file": "",
          "beforeHooks": [],
          "afterHooks": [],
          "tests": [
            {
              "title": "Verifica se existe um input com o id `board-size`",
              "fullTitle": "10 - Faça o quadro de pixels ter seu tamanho definido pelo usuário. Verifica se existe um input com o id `board-size`",
              "timedOut": null,
              "duration": 4596,
              "state": "failed",
              "speed": null,
              "pass": false,
              "fail": true,
              "pending": false,
              "context": null,
              "code": "cy.get('#board-size').should('be.visible');",
              "err": {
                "message": "CypressError: Timed out retrying: Expected to find element: '#board-size', but never found it.",
                "estack": "CypressError: Timed out retrying: Expected to find element: '#board-size', but never found it.\n    at cypressErr (http://localhost:40219/__cypress/runner/cypress_runner.js:149934:9)\n    at throwErr (http://localhost:40219/__cypress/runner/cypress_runner.js:149867:11)\n    at Object.throwErrByPath (http://localhost:40219/__cypress/runner/cypress_runner.js:149915:3)\n    at retry (http://localhost:40219/__cypress/runner/cypress_runner.js:144197:19)\n    at onFailFn (http://localhost:40219/__cypress/runner/cypress_runner.js:132448:16)\n    at tryCatcher (http://localhost:40219/__cypress/runner/cypress_runner.js:167415:23)\n    at Promise._settlePromiseFromHandler (http://localhost:40219/__cypress/runner/cypress_runner.js:165351:31)\n    at Promise._settlePromise (http://localhost:40219/__cypress/runner/cypress_runner.js:165408:18)\n    at Promise._settlePromise0 (http://localhost:40219/__cypress/runner/cypress_runner.js:165453:10)\n    at Promise._settlePromises (http://localhost:40219/__cypress/runner/cypress_runner.js:165528:18)\n    at Async../node_modules/bluebird/js/release/async.js.Async._drainQueue (http://localhost:40219/__cypress/runner/cypress_runner.js:162140:16)\n    at Async../node_modules/bluebird/js/release/async.js.Async._drainQueues (http://localhost:40219/__cypress/runner/cypress_runner.js:162150:10)\n    at Async.drainQueues (http://localhost:40219/__cypress/runner/cypress_runner.js:162024:14)",
                "diff": null
              },
              "uuid": "a04a9193-8398-4205-b115-ec78293aa3ec",
              "parentUUID": "13c34801-9a96-4949-8410-98a231fb0a99",
              "isHook": false,
              "skipped": false
            },
            {
              "title": "Verifica se existe um botão com o id `generate-board`",
              "fullTitle": "10 - Faça o quadro de pixels ter seu tamanho definido pelo usuário. Verifica se existe um botão com o id `generate-board`",
              "timedOut": null,
              "duration": 4557,
              "state": "failed",
              "speed": null,
              "pass": false,
              "fail": true,
              "pending": false,
              "context": null,
              "code": "cy.get('#generate-board').should('be.visible');",
              "err": {
                "message": "CypressError: Timed out retrying: Expected to find element: '#generate-board', but never found it.",
                "estack": "CypressError: Timed out retrying: Expected to find element: '#generate-board', but never found it.\n    at cypressErr (http://localhost:40219/__cypress/runner/cypress_runner.js:149934:9)\n    at throwErr (http://localhost:40219/__cypress/runner/cypress_runner.js:149867:11)\n    at Object.throwErrByPath (http://localhost:40219/__cypress/runner/cypress_runner.js:149915:3)\n    at retry (http://localhost:40219/__cypress/runner/cypress_runner.js:144197:19)\n    at onFailFn (http://localhost:40219/__cypress/runner/cypress_runner.js:132448:16)\n    at tryCatcher (http://localhost:40219/__cypress/runner/cypress_runner.js:167415:23)\n    at Promise._settlePromiseFromHandler (http://localhost:40219/__cypress/runner/cypress_runner.js:165351:31)\n    at Promise._settlePromise (http://localhost:40219/__cypress/runner/cypress_runner.js:165408:18)\n    at Promise._settlePromise0 (http://localhost:40219/__cypress/runner/cypress_runner.js:165453:10)\n    at Promise._settlePromises (http://localhost:40219/__cypress/runner/cypress_runner.js:165528:18)\n    at Async../node_modules/bluebird/js/release/async.js.Async._drainQueue (http://localhost:40219/__cypress/runner/cypress_runner.js:162140:16)\n    at Async../node_modules/bluebird/js/release/async.js.Async._drainQueues (http://localhost:40219/__cypress/runner/cypress_runner.js:162150:10)\n    at Async.drainQueues (http://localhost:40219/__cypress/runner/cypress_runner.js:162024:14)",
                "diff": null
              },
              "uuid": "03d74bea-a333-42c3-a931-d43b40b8c835",
              "parentUUID": "13c34801-9a96-4949-8410-98a231fb0a99",
              "isHook": false,
              "skipped": false
            },
            {
              "title": "Verifica se o input só aceita número maiores que zero. Essa restrição deve ser feita usando os atributos do elemento `input`",
              "fullTitle": "10 - Faça o quadro de pixels ter seu tamanho definido pelo usuário. Verifica se o input só aceita número maiores que zero. Essa restrição deve ser feita usando os atributos do elemento `input`",
              "timedOut": null,
              "duration": 4471,
              "state": "failed",
              "speed": null,
              "pass": false,
              "fail": true,
              "pending": false,
              "context": null,
              "code": "cy.get('#board-size[type=\\'number\\'][min=\\'1\\']');",
              "err": {
                "message": "CypressError: Timed out retrying: Expected to find element: '#board-size[type='number'][min='1']', but never found it.",
                "estack": "CypressError: Timed out retrying: Expected to find element: '#board-size[type='number'][min='1']', but never found it.\n    at cypressErr (http://localhost:40219/__cypress/runner/cypress_runner.js:149934:9)\n    at throwErr (http://localhost:40219/__cypress/runner/cypress_runner.js:149867:11)\n    at Object.throwErrByPath (http://localhost:40219/__cypress/runner/cypress_runner.js:149915:3)\n    at retry (http://localhost:40219/__cypress/runner/cypress_runner.js:144197:19)\n    at onFailFn (http://localhost:40219/__cypress/runner/cypress_runner.js:132448:16)\n    at tryCatcher (http://localhost:40219/__cypress/runner/cypress_runner.js:167415:23)\n    at Promise._settlePromiseFromHandler (http://localhost:40219/__cypress/runner/cypress_runner.js:165351:31)\n    at Promise._settlePromise (http://localhost:40219/__cypress/runner/cypress_runner.js:165408:18)\n    at Promise._settlePromise0 (http://localhost:40219/__cypress/runner/cypress_runner.js:165453:10)\n    at Promise._settlePromises (http://localhost:40219/__cypress/runner/cypress_runner.js:165528:18)\n    at Async../node_modules/bluebird/js/release/async.js.Async._drainQueue (http://localhost:40219/__cypress/runner/cypress_runner.js:162140:16)\n    at Async../node_modules/bluebird/js/release/async.js.Async._drainQueues (http://localhost:40219/__cypress/runner/cypress_runner.js:162150:10)\n    at Async.drainQueues (http://localhost:40219/__cypress/runner/cypress_runner.js:162024:14)",
                "diff": null
              },
              "uuid": "420a27ef-c36c-4c33-90a7-e69c58209967",
              "parentUUID": "13c34801-9a96-4949-8410-98a231fb0a99",
              "isHook": false,
              "skipped": false
            },
            {
              "title": "Verifica se o botão contém o texto 'VQV'",
              "fullTitle": "10 - Faça o quadro de pixels ter seu tamanho definido pelo usuário. Verifica se o botão contém o texto 'VQV'",
              "timedOut": null,
              "duration": 4546,
              "state": "failed",
              "speed": null,
              "pass": false,
              "fail": true,
              "pending": false,
              "context": null,
              "code": "cy.get('#generate-board').contains(/vqv/i);",
              "err": {
                "message": "CypressError: Timed out retrying: Expected to find element: '#generate-board', but never found it.",
                "estack": "CypressError: Timed out retrying: Expected to find element: '#generate-board', but never found it.\n    at cypressErr (http://localhost:40219/__cypress/runner/cypress_runner.js:149934:9)\n    at throwErr (http://localhost:40219/__cypress/runner/cypress_runner.js:149867:11)\n    at Object.throwErrByPath (http://localhost:40219/__cypress/runner/cypress_runner.js:149915:3)\n    at retry (http://localhost:40219/__cypress/runner/cypress_runner.js:144197:19)\n    at onFailFn (http://localhost:40219/__cypress/runner/cypress_runner.js:132448:16)\n    at tryCatcher (http://localhost:40219/__cypress/runner/cypress_runner.js:167415:23)\n    at Promise._settlePromiseFromHandler (http://localhost:40219/__cypress/runner/cypress_runner.js:165351:31)\n    at Promise._settlePromise (http://localhost:40219/__cypress/runner/cypress_runner.js:165408:18)\n    at Promise._settlePromise0 (http://localhost:40219/__cypress/runner/cypress_runner.js:165453:10)\n    at Promise._settlePromises (http://localhost:40219/__cypress/runner/cypress_runner.js:165528:18)\n    at Async../node_modules/bluebird/js/release/async.js.Async._drainQueue (http://localhost:40219/__cypress/runner/cypress_runner.js:162140:16)\n    at Async../node_modules/bluebird/js/release/async.js.Async._drainQueues (http://localhost:40219/__cypress/runner/cypress_runner.js:162150:10)\n    at Async.drainQueues (http://localhost:40219/__cypress/runner/cypress_runner.js:162024:14)",
                "diff": null
              },
              "uuid": "368fdb4d-9694-45a0-a027-cc76c16e6919",
              "parentUUID": "13c34801-9a96-4949-8410-98a231fb0a99",
              "isHook": false,
              "skipped": false
            },
            {
              "title": "Verifica se o input está posicionado entre a paleta de cores e o quadro de pixels",
              "fullTitle": "10 - Faça o quadro de pixels ter seu tamanho definido pelo usuário. Verifica se o input está posicionado entre a paleta de cores e o quadro de pixels",
              "timedOut": null,
              "duration": 4502,
              "state": "failed",
              "speed": null,
              "pass": false,
              "fail": true,
              "pending": false,
              "context": null,
              "code": "cy.get('#color-palette').then(function (palette) {\n  cy.get('#board-size').should('be.belowOf', palette);\n});\ncy.get('#board-size').then(function (palette) {\n  cy.get('#pixel-board').should('be.belowOf', palette);\n});",
              "err": {
                "message": "CypressError: Timed out retrying: Expected to find element: '#board-size', but never found it.",
                "estack": "CypressError: Timed out retrying: Expected to find element: '#board-size', but never found it.\n    at cypressErr (http://localhost:40219/__cypress/runner/cypress_runner.js:149934:9)\n    at throwErr (http://localhost:40219/__cypress/runner/cypress_runner.js:149867:11)\n    at Object.throwErrByPath (http://localhost:40219/__cypress/runner/cypress_runner.js:149915:3)\n    at retry (http://localhost:40219/__cypress/runner/cypress_runner.js:144197:19)\n    at onFailFn (http://localhost:40219/__cypress/runner/cypress_runner.js:132448:16)\n    at tryCatcher (http://localhost:40219/__cypress/runner/cypress_runner.js:167415:23)\n    at Promise._settlePromiseFromHandler (http://localhost:40219/__cypress/runner/cypress_runner.js:165351:31)\n    at Promise._settlePromise (http://localhost:40219/__cypress/runner/cypress_runner.js:165408:18)\n    at Promise._settlePromise0 (http://localhost:40219/__cypress/runner/cypress_runner.js:165453:10)\n    at Promise._settlePromises (http://localhost:40219/__cypress/runner/cypress_runner.js:165528:18)\n    at Async../node_modules/bluebird/js/release/async.js.Async._drainQueue (http://localhost:40219/__cypress/runner/cypress_runner.js:162140:16)\n    at Async../node_modules/bluebird/js/release/async.js.Async._drainQueues (http://localhost:40219/__cypress/runner/cypress_runner.js:162150:10)\n    at Async.drainQueues (http://localhost:40219/__cypress/runner/cypress_runner.js:162024:14)",
                "diff": null
              },
              "uuid": "3790ed19-bce5-435e-9c8a-47aa8bcc98c4",
              "parentUUID": "13c34801-9a96-4949-8410-98a231fb0a99",
              "isHook": false,
              "skipped": false
            },
            {
              "title": "Verifica se o botão está posicionado ao lado do input",
              "fullTitle": "10 - Faça o quadro de pixels ter seu tamanho definido pelo usuário. Verifica se o botão está posicionado ao lado do input",
              "timedOut": null,
              "duration": 4504,
              "state": "failed",
              "speed": null,
              "pass": false,
              "fail": true,
              "pending": false,
              "context": null,
              "code": "cy.get('#board-size').then(function (board) {\n  cy.get('#generate-board').should('be.onTheRightOf', board);\n});",
              "err": {
                "message": "CypressError: Timed out retrying: Expected to find element: '#board-size', but never found it.",
                "estack": "CypressError: Timed out retrying: Expected to find element: '#board-size', but never found it.\n    at cypressErr (http://localhost:40219/__cypress/runner/cypress_runner.js:149934:9)\n    at throwErr (http://localhost:40219/__cypress/runner/cypress_runner.js:149867:11)\n    at Object.throwErrByPath (http://localhost:40219/__cypress/runner/cypress_runner.js:149915:3)\n    at retry (http://localhost:40219/__cypress/runner/cypress_runner.js:144197:19)\n    at onFailFn (http://localhost:40219/__cypress/runner/cypress_runner.js:132448:16)\n    at tryCatcher (http://localhost:40219/__cypress/runner/cypress_runner.js:167415:23)\n    at Promise._settlePromiseFromHandler (http://localhost:40219/__cypress/runner/cypress_runner.js:165351:31)\n    at Promise._settlePromise (http://localhost:40219/__cypress/runner/cypress_runner.js:165408:18)\n    at Promise._settlePromise0 (http://localhost:40219/__cypress/runner/cypress_runner.js:165453:10)\n    at Promise._settlePromises (http://localhost:40219/__cypress/runner/cypress_runner.js:165528:18)\n    at Async../node_modules/bluebird/js/release/async.js.Async._drainQueue (http://localhost:40219/__cypress/runner/cypress_runner.js:162140:16)\n    at Async../node_modules/bluebird/js/release/async.js.Async._drainQueues (http://localhost:40219/__cypress/runner/cypress_runner.js:162150:10)\n    at Async.drainQueues (http://localhost:40219/__cypress/runner/cypress_runner.js:162024:14)",
                "diff": null
              },
              "uuid": "98610675-eaca-40c2-8af1-bf5091151dd7",
              "parentUUID": "13c34801-9a96-4949-8410-98a231fb0a99",
              "isHook": false,
              "skipped": false
            },
            {
              "title": "Verifica se nenhum valor for colocado no input ao clicar no botão, um `alert` é exibido com o texto: 'Board inválido!'",
              "fullTitle": "10 - Faça o quadro de pixels ter seu tamanho definido pelo usuário. Verifica se nenhum valor for colocado no input ao clicar no botão, um `alert` é exibido com o texto: 'Board inválido!'",
              "timedOut": null,
              "duration": 4530,
              "state": "failed",
              "speed": null,
              "pass": false,
              "fail": true,
              "pending": false,
              "context": null,
              "code": "var alerted = false;\ncy.on('window:alert', function (msg) {\n  return alerted = msg;\n});\ncy.get('#generate-board').click().then(function () {\n  return expect(alerted).to.match(/Board inválido!/i);\n});",
              "err": {
                "message": "CypressError: Timed out retrying: Expected to find element: '#generate-board', but never found it.",
                "estack": "CypressError: Timed out retrying: Expected to find element: '#generate-board', but never found it.\n    at cypressErr (http://localhost:40219/__cypress/runner/cypress_runner.js:149934:9)\n    at throwErr (http://localhost:40219/__cypress/runner/cypress_runner.js:149867:11)\n    at Object.throwErrByPath (http://localhost:40219/__cypress/runner/cypress_runner.js:149915:3)\n    at retry (http://localhost:40219/__cypress/runner/cypress_runner.js:144197:19)\n    at onFailFn (http://localhost:40219/__cypress/runner/cypress_runner.js:132448:16)\n    at tryCatcher (http://localhost:40219/__cypress/runner/cypress_runner.js:167415:23)\n    at Promise._settlePromiseFromHandler (http://localhost:40219/__cypress/runner/cypress_runner.js:165351:31)\n    at Promise._settlePromise (http://localhost:40219/__cypress/runner/cypress_runner.js:165408:18)\n    at Promise._settlePromise0 (http://localhost:40219/__cypress/runner/cypress_runner.js:165453:10)\n    at Promise._settlePromises (http://localhost:40219/__cypress/runner/cypress_runner.js:165528:18)\n    at Async../node_modules/bluebird/js/release/async.js.Async._drainQueue (http://localhost:40219/__cypress/runner/cypress_runner.js:162140:16)\n    at Async../node_modules/bluebird/js/release/async.js.Async._drainQueues (http://localhost:40219/__cypress/runner/cypress_runner.js:162150:10)\n    at Async.drainQueues (http://localhost:40219/__cypress/runner/cypress_runner.js:162024:14)",
                "diff": null
              },
              "uuid": "31dcd241-4d4b-4c1e-8c38-36f8c02302d6",
              "parentUUID": "13c34801-9a96-4949-8410-98a231fb0a99",
              "isHook": false,
              "skipped": false
            },
            {
              "title": "Verifica se ao clicar no botão com um valor preenchido, o tamanho do board muda.",
              "fullTitle": "10 - Faça o quadro de pixels ter seu tamanho definido pelo usuário. Verifica se ao clicar no botão com um valor preenchido, o tamanho do board muda.",
              "timedOut": null,
              "duration": 4501,
              "state": "failed",
              "speed": null,
              "pass": false,
              "fail": true,
              "pending": false,
              "context": null,
              "code": "cy.get('#board-size').clear().type(10);\ncy.get('#generate-board').click();\ncy.get('.pixel').should('have.length', 100);",
              "err": {
                "message": "CypressError: Timed out retrying: Expected to find element: '#board-size', but never found it.",
                "estack": "CypressError: Timed out retrying: Expected to find element: '#board-size', but never found it.\n    at cypressErr (http://localhost:40219/__cypress/runner/cypress_runner.js:149934:9)\n    at throwErr (http://localhost:40219/__cypress/runner/cypress_runner.js:149867:11)\n    at Object.throwErrByPath (http://localhost:40219/__cypress/runner/cypress_runner.js:149915:3)\n    at retry (http://localhost:40219/__cypress/runner/cypress_runner.js:144197:19)\n    at onFailFn (http://localhost:40219/__cypress/runner/cypress_runner.js:132448:16)\n    at tryCatcher (http://localhost:40219/__cypress/runner/cypress_runner.js:167415:23)\n    at Promise._settlePromiseFromHandler (http://localhost:40219/__cypress/runner/cypress_runner.js:165351:31)\n    at Promise._settlePromise (http://localhost:40219/__cypress/runner/cypress_runner.js:165408:18)\n    at Promise._settlePromise0 (http://localhost:40219/__cypress/runner/cypress_runner.js:165453:10)\n    at Promise._settlePromises (http://localhost:40219/__cypress/runner/cypress_runner.js:165528:18)\n    at Async../node_modules/bluebird/js/release/async.js.Async._drainQueue (http://localhost:40219/__cypress/runner/cypress_runner.js:162140:16)\n    at Async../node_modules/bluebird/js/release/async.js.Async._drainQueues (http://localhost:40219/__cypress/runner/cypress_runner.js:162150:10)\n    at Async.drainQueues (http://localhost:40219/__cypress/runner/cypress_runner.js:162024:14)",
                "diff": null
              },
              "uuid": "ef58d6d4-9d24-4d91-bec3-ca9458346998",
              "parentUUID": "13c34801-9a96-4949-8410-98a231fb0a99",
              "isHook": false,
              "skipped": false
            },
            {
              "title": "Verifica se o novo quadro tem todos os pixels preenchidos com a cor branca",
              "fullTitle": "10 - Faça o quadro de pixels ter seu tamanho definido pelo usuário. Verifica se o novo quadro tem todos os pixels preenchidos com a cor branca",
              "timedOut": null,
              "duration": 4549,
              "state": "failed",
              "speed": null,
              "pass": false,
              "fail": true,
              "pending": false,
              "context": null,
              "code": "cy.get('#board-size').clear().type(6);\ncy.get('#generate-board').click();\ncy.get('.pixel').should('have.length', 36).each(function (pixel) {\n  expect(pixel).to.have.css('background-color', WHITE);\n});",
              "err": {
                "message": "CypressError: Timed out retrying: Expected to find element: '#board-size', but never found it.",
                "estack": "CypressError: Timed out retrying: Expected to find element: '#board-size', but never found it.\n    at cypressErr (http://localhost:40219/__cypress/runner/cypress_runner.js:149934:9)\n    at throwErr (http://localhost:40219/__cypress/runner/cypress_runner.js:149867:11)\n    at Object.throwErrByPath (http://localhost:40219/__cypress/runner/cypress_runner.js:149915:3)\n    at retry (http://localhost:40219/__cypress/runner/cypress_runner.js:144197:19)\n    at onFailFn (http://localhost:40219/__cypress/runner/cypress_runner.js:132448:16)\n    at tryCatcher (http://localhost:40219/__cypress/runner/cypress_runner.js:167415:23)\n    at Promise._settlePromiseFromHandler (http://localhost:40219/__cypress/runner/cypress_runner.js:165351:31)\n    at Promise._settlePromise (http://localhost:40219/__cypress/runner/cypress_runner.js:165408:18)\n    at Promise._settlePromise0 (http://localhost:40219/__cypress/runner/cypress_runner.js:165453:10)\n    at Promise._settlePromises (http://localhost:40219/__cypress/runner/cypress_runner.js:165528:18)\n    at Async../node_modules/bluebird/js/release/async.js.Async._drainQueue (http://localhost:40219/__cypress/runner/cypress_runner.js:162140:16)\n    at Async../node_modules/bluebird/js/release/async.js.Async._drainQueues (http://localhost:40219/__cypress/runner/cypress_runner.js:162150:10)\n    at Async.drainQueues (http://localhost:40219/__cypress/runner/cypress_runner.js:162024:14)",
                "diff": null
              },
              "uuid": "68164ed6-8bfa-44c9-8c7e-3215b063888f",
              "parentUUID": "13c34801-9a96-4949-8410-98a231fb0a99",
              "isHook": false,
              "skipped": false
            }
          ],
          "suites": [],
          "passes": [],
          "failures": [
            "a04a9193-8398-4205-b115-ec78293aa3ec",
            "03d74bea-a333-42c3-a931-d43b40b8c835",
            "420a27ef-c36c-4c33-90a7-e69c58209967",
            "368fdb4d-9694-45a0-a027-cc76c16e6919",
            "3790ed19-bce5-435e-9c8a-47aa8bcc98c4",
            "98610675-eaca-40c2-8af1-bf5091151dd7",
            "31dcd241-4d4b-4c1e-8c38-36f8c02302d6",
            "ef58d6d4-9d24-4d91-bec3-ca9458346998",
            "68164ed6-8bfa-44c9-8c7e-3215b063888f"
          ],
          "pending": [],
          "skipped": [],
          "duration": 40756,
          "root": false,
          "rootEmpty": false,
          "_timeout": 2000
        },
        {
          "uuid": "47c31ca7-402b-440a-ad99-348b1a6c0ddc",
          "title": "11 - Limite o tamanho mínimo e máximo do board.",
          "fullFile": "",
          "file": "",
          "beforeHooks": [],
          "afterHooks": [],
          "tests": [
            {
              "title": "Verifica se a altura máxima do board é 50",
              "fullTitle": "11 - Limite o tamanho mínimo e máximo do board. Verifica se a altura máxima do board é 50",
              "timedOut": null,
              "duration": 4623,
              "state": "failed",
              "speed": null,
              "pass": false,
              "fail": true,
              "pending": false,
              "context": null,
              "code": "cy.get('#board-size').clear().type(50);\ncy.get('#generate-board').click();\ncy.get('.pixel').should('have.length', 2500);",
              "err": {
                "message": "CypressError: Timed out retrying: Expected to find element: '#board-size', but never found it.",
                "estack": "CypressError: Timed out retrying: Expected to find element: '#board-size', but never found it.\n    at cypressErr (http://localhost:40219/__cypress/runner/cypress_runner.js:149934:9)\n    at throwErr (http://localhost:40219/__cypress/runner/cypress_runner.js:149867:11)\n    at Object.throwErrByPath (http://localhost:40219/__cypress/runner/cypress_runner.js:149915:3)\n    at retry (http://localhost:40219/__cypress/runner/cypress_runner.js:144197:19)\n    at onFailFn (http://localhost:40219/__cypress/runner/cypress_runner.js:132448:16)\n    at tryCatcher (http://localhost:40219/__cypress/runner/cypress_runner.js:167415:23)\n    at Promise._settlePromiseFromHandler (http://localhost:40219/__cypress/runner/cypress_runner.js:165351:31)\n    at Promise._settlePromise (http://localhost:40219/__cypress/runner/cypress_runner.js:165408:18)\n    at Promise._settlePromise0 (http://localhost:40219/__cypress/runner/cypress_runner.js:165453:10)\n    at Promise._settlePromises (http://localhost:40219/__cypress/runner/cypress_runner.js:165528:18)\n    at Async../node_modules/bluebird/js/release/async.js.Async._drainQueue (http://localhost:40219/__cypress/runner/cypress_runner.js:162140:16)\n    at Async../node_modules/bluebird/js/release/async.js.Async._drainQueues (http://localhost:40219/__cypress/runner/cypress_runner.js:162150:10)\n    at Async.drainQueues (http://localhost:40219/__cypress/runner/cypress_runner.js:162024:14)",
                "diff": null
              },
              "uuid": "30bcc372-febb-4727-929b-78c37c243136",
              "parentUUID": "47c31ca7-402b-440a-ad99-348b1a6c0ddc",
              "isHook": false,
              "skipped": false
            },
            {
              "title": "Verifica se a altura do board é 5 quando um valor menor é colocado no input",
              "fullTitle": "11 - Limite o tamanho mínimo e máximo do board. Verifica se a altura do board é 5 quando um valor menor é colocado no input",
              "timedOut": null,
              "duration": 4535,
              "state": "failed",
              "speed": null,
              "pass": false,
              "fail": true,
              "pending": false,
              "context": null,
              "code": "cy.get('#board-size').clear().type(4);\ncy.get('#generate-board').click();\ncy.get('.pixel').should('have.length', 25);",
              "err": {
                "message": "CypressError: Timed out retrying: Expected to find element: '#board-size', but never found it.",
                "estack": "CypressError: Timed out retrying: Expected to find element: '#board-size', but never found it.\n    at cypressErr (http://localhost:40219/__cypress/runner/cypress_runner.js:149934:9)\n    at throwErr (http://localhost:40219/__cypress/runner/cypress_runner.js:149867:11)\n    at Object.throwErrByPath (http://localhost:40219/__cypress/runner/cypress_runner.js:149915:3)\n    at retry (http://localhost:40219/__cypress/runner/cypress_runner.js:144197:19)\n    at onFailFn (http://localhost:40219/__cypress/runner/cypress_runner.js:132448:16)\n    at tryCatcher (http://localhost:40219/__cypress/runner/cypress_runner.js:167415:23)\n    at Promise._settlePromiseFromHandler (http://localhost:40219/__cypress/runner/cypress_runner.js:165351:31)\n    at Promise._settlePromise (http://localhost:40219/__cypress/runner/cypress_runner.js:165408:18)\n    at Promise._settlePromise0 (http://localhost:40219/__cypress/runner/cypress_runner.js:165453:10)\n    at Promise._settlePromises (http://localhost:40219/__cypress/runner/cypress_runner.js:165528:18)\n    at Async../node_modules/bluebird/js/release/async.js.Async._drainQueue (http://localhost:40219/__cypress/runner/cypress_runner.js:162140:16)\n    at Async../node_modules/bluebird/js/release/async.js.Async._drainQueues (http://localhost:40219/__cypress/runner/cypress_runner.js:162150:10)\n    at Async.drainQueues (http://localhost:40219/__cypress/runner/cypress_runner.js:162024:14)",
                "diff": null
              },
              "uuid": "dee25f2d-3d80-4f6a-8394-767ff704e23f",
              "parentUUID": "47c31ca7-402b-440a-ad99-348b1a6c0ddc",
              "isHook": false,
              "skipped": false
            },
            {
              "title": "Verifica se a altura do board é 50 quando um valor maior é colocado no input",
              "fullTitle": "11 - Limite o tamanho mínimo e máximo do board. Verifica se a altura do board é 50 quando um valor maior é colocado no input",
              "timedOut": null,
              "duration": 4541,
              "state": "failed",
              "speed": null,
              "pass": false,
              "fail": true,
              "pending": false,
              "context": null,
              "code": "cy.get('#board-size').clear().type(51);\ncy.get('#generate-board').click();\ncy.get('.pixel').should('have.length', 2500);",
              "err": {
                "message": "CypressError: Timed out retrying: Expected to find element: '#board-size', but never found it.",
                "estack": "CypressError: Timed out retrying: Expected to find element: '#board-size', but never found it.\n    at cypressErr (http://localhost:40219/__cypress/runner/cypress_runner.js:149934:9)\n    at throwErr (http://localhost:40219/__cypress/runner/cypress_runner.js:149867:11)\n    at Object.throwErrByPath (http://localhost:40219/__cypress/runner/cypress_runner.js:149915:3)\n    at retry (http://localhost:40219/__cypress/runner/cypress_runner.js:144197:19)\n    at onFailFn (http://localhost:40219/__cypress/runner/cypress_runner.js:132448:16)\n    at tryCatcher (http://localhost:40219/__cypress/runner/cypress_runner.js:167415:23)\n    at Promise._settlePromiseFromHandler (http://localhost:40219/__cypress/runner/cypress_runner.js:165351:31)\n    at Promise._settlePromise (http://localhost:40219/__cypress/runner/cypress_runner.js:165408:18)\n    at Promise._settlePromise0 (http://localhost:40219/__cypress/runner/cypress_runner.js:165453:10)\n    at Promise._settlePromises (http://localhost:40219/__cypress/runner/cypress_runner.js:165528:18)\n    at Async../node_modules/bluebird/js/release/async.js.Async._drainQueue (http://localhost:40219/__cypress/runner/cypress_runner.js:162140:16)\n    at Async../node_modules/bluebird/js/release/async.js.Async._drainQueues (http://localhost:40219/__cypress/runner/cypress_runner.js:162150:10)\n    at Async.drainQueues (http://localhost:40219/__cypress/runner/cypress_runner.js:162024:14)",
                "diff": null
              },
              "uuid": "e7f5714b-b32d-4567-ba95-a20d4782e6cc",
              "parentUUID": "47c31ca7-402b-440a-ad99-348b1a6c0ddc",
              "isHook": false,
              "skipped": false
            }
          ],
          "suites": [],
          "passes": [],
          "failures": [
            "30bcc372-febb-4727-929b-78c37c243136",
            "dee25f2d-3d80-4f6a-8394-767ff704e23f",
            "e7f5714b-b32d-4567-ba95-a20d4782e6cc"
          ],
          "pending": [],
          "skipped": [],
          "duration": 13699,
          "root": false,
          "rootEmpty": false,
          "_timeout": 2000
        },
        {
          "uuid": "fecd2a5d-a522-4a2e-993e-16a68644d55c",
          "title": "12 - Faça com que as cores da paleta sejam geradas aleatoriamente ao carregar a página.",
          "fullFile": "",
          "file": "",
          "beforeHooks": [],
          "afterHooks": [],
          "tests": [
            {
              "title": "Verifica se as cores geradas na paleta são diferentes a cada carregamento da página",
              "fullTitle": "12 - Faça com que as cores da paleta sejam geradas aleatoriamente ao carregar a página. Verifica se as cores geradas na paleta são diferentes a cada carregamento da página",
              "timedOut": null,
              "duration": 942,
              "state": "passed",
              "speed": "slow",
              "pass": true,
              "fail": false,
              "pending": false,
              "context": null,
              "code": "cy.get('.color').then(function (colors) {\n  var currentColors;\n  var previousColors;\n  previousColors = Array.from(colors).map(function (color) {\n    return Cypress.$(color).css('background-color');\n  });\n  for (var i = 0; i < 5; i += 1) {\n    cy.reload();\n    cy.get('.color').then(function (colors) {\n      currentColors = Array.from(colors).map(function (color) {\n        return Cypress.$(color).css('background-color');\n      });\n      expect(currentColors).not.to.deep.equal(previousColors);\n      previousColors = currentColors;\n    });\n  }\n});",
              "err": {},
              "uuid": "64be916b-cedb-4f01-a52a-ae34bdcddb03",
              "parentUUID": "fecd2a5d-a522-4a2e-993e-16a68644d55c",
              "isHook": false,
              "skipped": false
            },
            {
              "title": "Verifica se a cor preta ainda está presente e é a primeira na sua paleta de cores",
              "fullTitle": "12 - Faça com que as cores da paleta sejam geradas aleatoriamente ao carregar a página. Verifica se a cor preta ainda está presente e é a primeira na sua paleta de cores",
              "timedOut": null,
              "duration": 734,
              "state": "passed",
              "speed": "slow",
              "pass": true,
              "fail": false,
              "pending": false,
              "context": null,
              "code": "cy.get('.color').then(function (colors) {\n  var currentColors;\n  var previousColors;\n  previousColors = Array.from(colors).map(function (color) {\n    return Cypress.$(color).css('background-color');\n  });\n  expect(previousColors[0]).to.eq(BLACK);\n  for (var i = 0; i < 5; i += 1) {\n    cy.reload();\n    cy.get('.color').then(function (colors) {\n      currentColors = Array.from(colors).map(function (color) {\n        return Cypress.$(color).css('background-color');\n      });\n      expect(currentColors[0]).to.eq(BLACK);\n      expect(currentColors).not.to.deep.equal(previousColors);\n      previousColors = currentColors;\n    });\n  }\n});",
              "err": {},
              "uuid": "5924cf01-4de0-4d4c-94d8-1d40d12b4d4d",
              "parentUUID": "fecd2a5d-a522-4a2e-993e-16a68644d55c",
              "isHook": false,
              "skipped": false
            }
          ],
          "suites": [],
          "passes": [
            "64be916b-cedb-4f01-a52a-ae34bdcddb03",
            "5924cf01-4de0-4d4c-94d8-1d40d12b4d4d"
          ],
          "failures": [],
          "pending": [],
          "skipped": [],
          "duration": 1676,
          "root": false,
          "rootEmpty": false,
          "_timeout": 2000
        }
      ],
      "passes": [],
      "failures": [],
      "pending": [],
      "skipped": [],
      "duration": 0,
      "root": true,
      "rootEmpty": true,
      "_timeout": 2000
    }
  ],
  "meta": {
    "mocha": {
      "version": "7.0.1"
    },
    "mochawesome": {
      "options": {
        "quiet": false,
        "reportFilename": "mochawesome",
        "saveHtml": false,
        "saveJson": true,
        "consoleReporter": "spec",
        "useInlineDiffs": false
      },
      "version": "4.1.0"
    },
    "marge": {
      "options": {
        "id": "default",
        "reportDir": "cypress/reports",
        "overwrite": true,
        "html": false,
        "json": true
      },
      "version": "4.1.0"
    }
  }
}